 Fermi distribution function
 
 Calculation with static geometry
 

********************************************************************************
  iSCC Total electronic   Diff electronic      SCC error    
   14   -0.16678569E+02   -0.39470649E-11    0.98770766E-06
********************************************************************************
 

 Net atomic charges (e)
  Atom       Net charge
     1      -0.26336369
     2      -0.12191703
     3      -0.01997667
     4       0.37366716
     5      -0.38538165
     6      -0.03186652
     7      -0.29045940
     8       0.09526204
     9       0.08824159
    10       0.08753381
    11       0.07326446
    12       0.08410235
    13       0.09445333
    14       0.01336590
    15       0.20307431
 
 COMPONENT = q
  
 Eigenvalues /H
   -0.90117587
   -0.69226483
   -0.64248515
   -0.59355032
   -0.51854580
   -0.48899180
   -0.44156994
   -0.39468426
   -0.39360273
   -0.38441697
   -0.36438105
   -0.35141778
   -0.34465279
   -0.32686942
   -0.31479789
   -0.30404283
   -0.28811856
   -0.27683950
   -0.22659932
   -0.06488641
    0.01544579
    0.02122641
    0.26492420
    0.27798744
    0.32334338
    0.36207445
    0.37442680
    0.38809015
    0.41618522
    0.45689180
    0.50357516
    0.52879090
    0.61455772
    0.62524304
    1.21509848
    2.16453167
 
 Eigenvalues /eV
  -24.52224310
  -18.83748434
  -17.48291038
  -16.15132610
  -14.11034916
  -13.30614379
  -12.01572940
  -10.73990504
  -10.71047535
  -10.46051786
   -9.91531288
   -9.56256421
   -9.37847947
   -8.89456949
   -8.56608634
   -8.27342629
   -7.84010491
   -7.53318619
   -6.16608125
   -1.76564896
    0.42030131
    0.57760003
    7.20895431
    7.56442322
    8.79862117
    9.85254704
   10.18867154
   10.56047024
   11.32497594
   12.43265856
   13.70297720
   14.38913241
   16.72296646
   17.01372879
   33.06451196
   58.89990347
 
 Fillings
     2.00000
     2.00000
     2.00000
     2.00000
     2.00000
     2.00000
     2.00000
     2.00000
     2.00000
     2.00000
     2.00000
     2.00000
     2.00000
     2.00000
     2.00000
     2.00000
     2.00000
     2.00000
     2.00000
     0.00000
     0.00000
     0.00000
     0.00000
     0.00000
     0.00000
     0.00000
     0.00000
     0.00000
     0.00000
     0.00000
     0.00000
     0.00000
     0.00000
     0.00000
     0.00000
     0.00000
 
 Nr. of electrons (up):     38.00000000
 Atom populations (up)
  Atom       Population
     1       4.26336369
     2       4.12191703
     3       4.01997667
     4       3.62633284
     5       6.38538165
     6       4.03186652
     7       4.29045940
     8       0.90473796
     9       0.91175841
    10       0.91246619
    11       0.92673554
    12       0.91589765
    13       0.90554667
    14       0.98663410
    15       0.79692569
 
 l-shell populations (up)
  Atom Sh.   l       Population
     1   1   0       1.28767627
     1   2   1       2.97568742
     2   1   0       1.25439842
     2   2   1       2.86751861
     3   1   0       1.20419299
     3   2   1       2.81578368
     4   1   0       1.17078206
     4   2   1       2.45555078
     5   1   0       1.75007789
     5   2   1       4.63530376
     6   1   0       1.20719678
     6   2   1       2.82466975
     7   1   0       1.27324688
     7   2   1       3.01721252
     8   1   0       0.90473796
     9   1   0       0.91175841
    10   1   0       0.91246619
    11   1   0       0.92673554
    12   1   0       0.91589765
    13   1   0       0.90554667
    14   1   0       0.98663410
    15   1   0       0.79692569
 
 Orbital populations (up)
  Atom Sh.   l   m       Population
     1   1   0   0       1.28767627
     1   2   1  -1       0.95144132
     1   2   1   0       1.00912769
     1   2   1   1       1.01511840
     2   1   0   0       1.25439842
     2   2   1  -1       0.93868349
     2   2   1   0       0.94626720
     2   2   1   1       0.98256793
     3   1   0   0       1.20419299
     3   2   1  -1       0.89093969
     3   2   1   0       0.96038327
     3   2   1   1       0.96446072
     4   1   0   0       1.17078206
     4   2   1  -1       0.78375022
     4   2   1   0       0.79496842
     4   2   1   1       0.87683215
     5   1   0   0       1.75007789
     5   2   1  -1       1.39449409
     5   2   1   0       1.44560292
     5   2   1   1       1.79520674
     6   1   0   0       1.20719678
     6   2   1  -1       0.86765178
     6   2   1   0       0.97995105
     6   2   1   1       0.97706692
     7   1   0   0       1.27324688
     7   2   1  -1       0.92246614
     7   2   1   0       1.04408719
     7   2   1   1       1.05065919
     8   1   0   0       0.90473796
     9   1   0   0       0.91175841
    10   1   0   0       0.91246619
    11   1   0   0       0.92673554
    12   1   0   0       0.91589765
    13   1   0   0       0.90554667
    14   1   0   0       0.98663410
    15   1   0   0       0.79692569
 
 Fermi energy:                      -0.1397489857 H           -3.8028 eV
 Band energy:                      -16.4980135833 H         -448.9338 eV
 TS:                                 0.0000000000 H            0.0000 eV
 Band free energy (E-TS):          -16.4980135833 H         -448.9338 eV
 Extrapolated E(0K):               -16.4980135833 H         -448.9338 eV
 Input/Output electrons (q):     38.00000000     38.00000000
 
 Energy H0:                        -16.6951831015 H         -454.2990 eV
 Energy SCC:                         0.0179194910 H            0.4876 eV
 Total Electronic energy:          -16.6785689619 H         -453.8470 eV
 Repulsive energy:                   0.1572332911 H            4.2785 eV
 Total energy:                     -16.5213356709 H         -449.5684 eV
 Total Mermin free energy:         -16.5213356709 H         -449.5684 eV
 
 SCC converged
 
 Dipole moment  :   -0.53030812   -0.29842462    0.59163549 au
 Dipole moment  :   -1.34790889   -0.75851978    1.50378753 Debye
 
 
